#
# A fatal error has been detected by the Java Runtime Environment:
#
#  Internal Error (0xc06d007e), pid=44896, tid=53968
#
# JRE version: Java(TM) SE Runtime Environment (8.0_65-b17) (build 1.8.0_65-b17)
# Java VM: Java HotSpot(TM) 64-Bit Server VM (25.65-b01 mixed mode windows-amd64 compressed oops)
# Problematic frame:
# C  [KERNELBASE.dll+0x2a1c8]
#
# Failed to write core dump. Minidumps are not enabled by default on client versions of Windows
#
# If you would like to submit a bug report, please visit:
#   http://bugreport.java.com/bugreport/crash.jsp
# The crash happened outside the Java Virtual Machine in native code.
# See problematic frame for where to report the bug.
#

---------------  T H R E A D  ---------------

Current thread (0x0000000019c9e800):  JavaThread "AWT-Windows" daemon [_thread_in_native, id=53968, stack(0x000000001af10000,0x000000001b010000)]

siginfo: ExceptionCode=0xc06d007e, ExceptionInformation=0x000000001b00eec0 

Registers:
RAX=0x0000000000000001, RBX=0x0000000000000000, RCX=0x0000000300000000, RDX=0x0000000000b90150
RSP=0x000000001b00edc0, RBP=0x000000001b00ef18, RSI=0x000000005073e64c, RDI=0x0000000000000000
R8 =0x0000000000000000, R9 =0x0000000000000050, R10=0x0000000000000020, R11=0x0000000000000000
R12=0x000000000000000a, R13=0x000000005075e7f0, R14=0x000000005075b128, R15=0x00000000507414c8
RIP=0x00007ffc0034a1c8, EFLAGS=0x0000000000000202

Top of Stack: (sp=0x000000001b00edc0)
0x000000001b00edc0:   0000000000000000 0000000000000000
0x000000001b00edd0:   000000005073e64c 0000000000000000
0x000000001b00ede0:   00000000c06d007e 0000000000000000
0x000000001b00edf0:   00007ffc0034a1c8 00007ffc00000001
0x000000001b00ee00:   000000001b00eec0 000000005073e64c
0x000000001b00ee10:   00000000507414c8 0000000000000000
0x000000001b00ee20:   0000000000000000 00007ffc0035ae0f
0x000000001b00ee30:   0000000000000000 0000000000000000
0x000000001b00ee40:   000000005073e64c 0000000000000000
0x000000001b00ee50:   0000000000000000 0000000000000000
0x000000001b00ee60:   000000005071fdb0 00007ffc00358799
0x000000001b00ee70:   0000000000000000 00000000506ee211
0x000000001b00ee80:   000039b86a4c2cca 000000005073fadc
0x000000001b00ee90:   0000000000000000 00000000506ee15f
0x000000001b00eea0:   0000000000000000 000000005073e64c
0x000000001b00eeb0:   000000001b00ef18 000000005073e5cc 

Instructions: (pc=0x00007ffc0034a1c8)
0x00007ffc0034a1a8:   49 8b d1 44 0f 47 c0 44 89 44 24 38 49 c1 e0 03
0x00007ffc0034a1b8:   e8 5f eb 04 00 48 8d 4c 24 20 ff 15 18 05 0a 00
0x00007ffc0034a1c8:   48 8b 8c 24 c0 00 00 00 48 33 cc e8 38 b4 04 00
0x00007ffc0034a1d8:   48 81 c4 d8 00 00 00 c3 83 64 24 38 00 eb d6 cc 


Register to memory mapping:

RAX=0x0000000000000001 is an unknown value
RBX=0x0000000000000000 is an unknown value
RCX=0x0000000300000000 is an unknown value
RDX=0x0000000000b90150 is an unknown value
RSP=0x000000001b00edc0 is pointing into the stack for thread: 0x0000000019c9e800
RBP=0x000000001b00ef18 is pointing into the stack for thread: 0x0000000019c9e800
RSI=0x000000005073e64c is an unknown value
RDI=0x0000000000000000 is an unknown value
R8 =0x0000000000000000 is an unknown value
R9 =0x0000000000000050 is an unknown value
R10=0x0000000000000020 is an unknown value
R11=0x0000000000000000 is an unknown value
R12=0x000000000000000a is an unknown value
R13=0x000000005075e7f0 is an unknown value
R14=0x000000005075b128 is an unknown value
R15=0x00000000507414c8 is an unknown value


Stack: [0x000000001af10000,0x000000001b010000],  sp=0x000000001b00edc0,  free space=1019k
Native frames: (J=compiled Java code, j=interpreted, Vv=VM code, C=native code)
C  [KERNELBASE.dll+0x2a1c8]
C  [awt.dll+0xde15f]
C  [awt.dll+0xddbae]
C  [awt.dll+0xcd874]
C  [awt.dll+0xcd979]
C  0x000000000285dfcc

Java frames: (J=compiled Java code, j=interpreted, Vv=VM code)
j  sun.awt.windows.WToolkit.init()Z+0
j  sun.awt.windows.WToolkit.run()V+18
j  java.lang.Thread.run()V+11
v  ~StubRoutines::call_stub

---------------  P R O C E S S  ---------------

Java Threads: ( => current thread )
=>0x0000000019c9e800 JavaThread "AWT-Windows" daemon [_thread_in_native, id=53968, stack(0x000000001af10000,0x000000001b010000)]
  0x0000000019c9e000 JavaThread "AWT-Shutdown" [_thread_blocked, id=53960, stack(0x000000001ae10000,0x000000001af10000)]
  0x0000000019c97000 JavaThread "Java2D Disposer" daemon [_thread_blocked, id=53956, stack(0x000000001ac10000,0x000000001ad10000)]
  0x0000000019988800 JavaThread "Service Thread" daemon [_thread_blocked, id=48576, stack(0x000000001a910000,0x000000001aa10000)]
  0x000000001997d800 JavaThread "C1 CompilerThread3" daemon [_thread_blocked, id=48536, stack(0x000000001a810000,0x000000001a910000)]
  0x000000001997b000 JavaThread "C2 CompilerThread2" daemon [_thread_blocked, id=48488, stack(0x000000001a710000,0x000000001a810000)]
  0x000000001997a000 JavaThread "C2 CompilerThread1" daemon [_thread_blocked, id=48440, stack(0x000000001a610000,0x000000001a710000)]
  0x000000001991e000 JavaThread "C2 CompilerThread0" daemon [_thread_blocked, id=48396, stack(0x000000001a510000,0x000000001a610000)]
  0x0000000019913000 JavaThread "JDWP Command Reader" daemon [_thread_in_native, id=47672, stack(0x000000001a410000,0x000000001a510000)]
  0x000000001990d800 JavaThread "JDWP Event Helper Thread" daemon [_thread_blocked, id=47596, stack(0x000000001a310000,0x000000001a410000)]
  0x00000000198fc000 JavaThread "JDWP Transport Listener: dt_socket" daemon [_thread_blocked, id=47592, stack(0x000000001a210000,0x000000001a310000)]
  0x00000000198f6800 JavaThread "Attach Listener" daemon [_thread_blocked, id=46856, stack(0x0000000019dd0000,0x0000000019ed0000)]
  0x00000000198f5800 JavaThread "Signal Dispatcher" daemon [_thread_blocked, id=46852, stack(0x0000000019cd0000,0x0000000019dd0000)]
  0x0000000002839800 JavaThread "Finalizer" daemon [_thread_blocked, id=46320, stack(0x00000000196d0000,0x00000000197d0000)]
  0x0000000002833000 JavaThread "Reference Handler" daemon [_thread_blocked, id=46316, stack(0x00000000195d0000,0x00000000196d0000)]
  0x000000000261e000 JavaThread "main" [_thread_blocked, id=45408, stack(0x00000000024f0000,0x00000000025f0000)]

Other Threads:
  0x00000000177e9000 VMThread [stack: 0x00000000194d0000,0x00000000195d0000] [id=46136]
  0x000000001998d000 WatcherThread [stack: 0x000000001aa10000,0x000000001ab10000] [id=48764]

VM state:not at safepoint (normal execution)

VM Mutex/Monitor currently owned by a thread: None

Heap:
 PSYoungGen      total 38400K, used 5329K [0x00000000d5f00000, 0x00000000d8980000, 0x0000000100000000)
  eden space 33280K, 16% used [0x00000000d5f00000,0x00000000d64345e8,0x00000000d7f80000)
  from space 5120K, 0% used [0x00000000d8480000,0x00000000d8480000,0x00000000d8980000)
  to   space 5120K, 0% used [0x00000000d7f80000,0x00000000d7f80000,0x00000000d8480000)
 ParOldGen       total 87552K, used 0K [0x0000000081c00000, 0x0000000087180000, 0x00000000d5f00000)
  object space 87552K, 0% used [0x0000000081c00000,0x0000000081c00000,0x0000000087180000)
 Metaspace       used 5649K, capacity 5812K, committed 5888K, reserved 1056768K
  class space    used 664K, capacity 725K, committed 768K, reserved 1048576K

Card table byte_map: [0x0000000011c00000,0x0000000012000000] byte_map_base: 0x00000000117f2000

Marking Bits: (ParMarkBitMap*) 0x000000005116a5b0
 Begin Bits: [0x0000000012ab0000, 0x0000000014a40000)
 End Bits:   [0x0000000014a40000, 0x00000000169d0000)

Polling page: 0x0000000000cd0000

CodeCache: size=245760Kb used=1625Kb max_used=1625Kb free=244134Kb
 bounds [0x0000000002840000, 0x0000000002ab0000, 0x0000000011840000]
 total_blobs=593 nmethods=273 adapters=241
 compilation: enabled

Compilation events (10 events):
Event: 24.104 Thread 0x000000001997d800  269       3       java.util.HashMap::newNode (13 bytes)
Event: 24.104 Thread 0x000000001997d800 nmethod 269 0x00000000029cf050 code [0x00000000029cf1c0, 0x00000000029cf470]
Event: 24.104 Thread 0x000000001997d800  270       3       java.util.HashMap::afterNodeInsertion (1 bytes)
Event: 24.105 Thread 0x000000001997d800 nmethod 270 0x00000000029cf5d0 code [0x00000000029cf720, 0x00000000029cf870]
Event: 24.248 Thread 0x000000001997d800  271       3       jdk.internal.org.objectweb.asm.ByteVector::enlarge (51 bytes)
Event: 24.249 Thread 0x000000001997d800 nmethod 271 0x00000000029d5d50 code [0x00000000029d5ec0, 0x00000000029d61e8]
Event: 24.251 Thread 0x000000001997d800  272       3       java.lang.String::toCharArray (25 bytes)
Event: 24.252 Thread 0x000000001997d800 nmethod 272 0x00000000029d62d0 code [0x00000000029d6440, 0x00000000029d66c8]
Event: 24.277 Thread 0x000000001997d800  273       1       java.lang.invoke.MethodTypeForm::basicType (5 bytes)
Event: 24.277 Thread 0x000000001997d800 nmethod 273 0x00000000029d6790 code [0x00000000029d68e0, 0x00000000029d69f0]

GC Heap History (0 events):
No events

Deoptimization events (0 events):
No events

Internal exceptions (10 events):
Event: 0.533 Thread 0x000000000261e000 Exception <a 'java/lang/NoSuchMethodError': Method sun.misc.Unsafe.defineClass(Ljava/lang/String;[BII)Ljava/lang/Class; name or signature does not match> (0x00000000d5f0dd98) thrown at [C:\workspace\8-2-build-windows-amd64-cygwin\jdk8u65\4987\hotspot\src\sŸSÞåá?
Event: 0.533 Thread 0x000000000261e000 Exception <a 'java/lang/NoSuchMethodError': Method sun.misc.Unsafe.prefetchRead(Ljava/lang/Object;J)V name or signature does not match> (0x00000000d5f0e080) thrown at [C:\workspace\8-2-build-windows-amd64-cygwin\jdk8u65\4987\hotspot\src\share\vm\prims\jni.ÐøKŽ‹Y*@
Event: 13.175 Thread 0x000000000261e000 Exception <a 'java/security/PrivilegedActionException'> (0x00000000d5fa4d10) thrown at [C:\workspace\8-2-build-windows-amd64-cygwin\jdk8u65\4987\hotspot\src\share\vm\prims\jvm.cpp, line 1386]
Event: 13.175 Thread 0x000000000261e000 Exception <a 'java/security/PrivilegedActionException'> (0x00000000d5fa4f20) thrown at [C:\workspace\8-2-build-windows-amd64-cygwin\jdk8u65\4987\hotspot\src\share\vm\prims\jvm.cpp, line 1386]
Event: 13.177 Thread 0x000000000261e000 Exception <a 'java/security/PrivilegedActionException'> (0x00000000d619bf20) thrown at [C:\workspace\8-2-build-windows-amd64-cygwin\jdk8u65\4987\hotspot\src\share\vm\prims\jvm.cpp, line 1386]
Event: 13.177 Thread 0x000000000261e000 Exception <a 'java/security/PrivilegedActionException'> (0x00000000d619c130) thrown at [C:\workspace\8-2-build-windows-amd64-cygwin\jdk8u65\4987\hotspot\src\share\vm\prims\jvm.cpp, line 1386]
Event: 13.758 Thread 0x000000000261e000 Exception <a 'java/io/FileNotFoundException'> (0x00000000d61a7de0) thrown at [C:\workspace\8-2-build-windows-amd64-cygwin\jdk8u65\4987\hotspot\src\share\vm\prims\jni.cpp, line 709]
Event: 16.483 Thread 0x000000000261e000 Exception <a 'java/lang/NoSuchFieldError': method resolution failed> (0x00000000d6275610) thrown at [C:\workspace\8-2-build-windows-amd64-cygwin\jdk8u65\4987\hotspot\src\share\vm\prims\methodHandles.cpp, line 1146]
Event: 22.970 Thread 0x000000000261e000 Exception <a 'java/lang/NoSuchFieldError': method resolution failed> (0x00000000d62829e0) thrown at [C:\workspace\8-2-build-windows-amd64-cygwin\jdk8u65\4987\hotspot\src\share\vm\prims\methodHandles.cpp, line 1146]
Event: 24.130 Thread 0x000000000261e000 Exception <a 'java/io/FileNotFoundException'> (0x00000000d631a8d8) thrown at [C:\workspace\8-2-build-windows-amd64-cygwin\jdk8u65\4987\hotspot\src\share\vm\prims\jni.cpp, line 709]

Events (10 events):
Event: 24.136 loading class sun/java2d/Disposer done
Event: 24.136 loading class sun/java2d/Disposer$1
Event: 24.136 loading class sun/java2d/Disposer$1 done
Event: 24.251 loading class sun/misc/ThreadGroupUtils
Event: 24.251 loading class sun/misc/ThreadGroupUtils done
Event: 24.265 Thread 0x0000000019c97000 Thread added: 0x0000000019c97000
Event: 24.265 loading class sun/awt/AWTAutoShutdown
Event: 24.266 loading class sun/awt/AWTAutoShutdown done
Event: 24.266 Thread 0x0000000019c9e000 Thread added: 0x0000000019c9e000
Event: 24.276 Thread 0x0000000019c9e800 Thread added: 0x0000000019c9e800


Dynamic libraries:
0x00007ff6d7500000 - 0x00007ff6d7537000 	C:\Program Files\Java\jre1.8.0_65\bin\javaw.exe
0x00007ffc02e30000 - 0x00007ffc02ff1000 	C:\WINDOWS\SYSTEM32\ntdll.dll
0x00007ffc02bf0000 - 0x00007ffc02c9d000 	C:\WINDOWS\system32\KERNEL32.DLL
0x00007ffc00320000 - 0x00007ffc004fd000 	C:\WINDOWS\system32\KERNELBASE.dll
0x00007ffc00e60000 - 0x00007ffc00f06000 	C:\WINDOWS\system32\ADVAPI32.dll
0x00007ffc00500000 - 0x00007ffc0059d000 	C:\WINDOWS\system32\msvcrt.dll
0x00007ffc005a0000 - 0x00007ffc005fb000 	C:\WINDOWS\system32\sechost.dll
0x00007ffc02ac0000 - 0x00007ffc02be6000 	C:\WINDOWS\system32\RPCRT4.dll
0x00007ffc00770000 - 0x00007ffc008be000 	C:\WINDOWS\system32\USER32.dll
0x00007ffc027f0000 - 0x00007ffc02976000 	C:\WINDOWS\system32\GDI32.dll
0x00007ffbfafd0000 - 0x00007ffbfb244000 	C:\WINDOWS\WinSxS\amd64_microsoft.windows.common-controls_6595b64144ccf1df_6.0.10240.16384_none_f41f7b285750ef43\COMCTL32.dll
0x00007ffc02ca0000 - 0x00007ffc02cd6000 	C:\WINDOWS\system32\IMM32.DLL
0x00007ffc00600000 - 0x00007ffc0075c000 	C:\WINDOWS\system32\MSCTF.dll
0x00000000504e0000 - 0x00000000505b2000 	C:\Program Files\Java\jre1.8.0_65\bin\msvcr100.dll
0x0000000050960000 - 0x00000000511e9000 	C:\Program Files\Java\jre1.8.0_65\bin\server\jvm.dll
0x00007ffc00760000 - 0x00007ffc00768000 	C:\WINDOWS\system32\PSAPI.DLL
0x00007ffbf5080000 - 0x00007ffbf5089000 	C:\WINDOWS\SYSTEM32\WSOCK32.dll
0x00007ffc02780000 - 0x00007ffc027e9000 	C:\WINDOWS\system32\WS2_32.dll
0x00007ffc029e0000 - 0x00007ffc029e8000 	C:\WINDOWS\system32\NSI.dll
0x00007ffbfdb30000 - 0x00007ffbfdb53000 	C:\WINDOWS\SYSTEM32\WINMM.dll
0x00007ffbfca10000 - 0x00007ffbfca1a000 	C:\WINDOWS\SYSTEM32\VERSION.dll
0x00007ffbfd870000 - 0x00007ffbfd89c000 	C:\WINDOWS\SYSTEM32\WINMMBASE.dll
0x00007ffc00160000 - 0x00007ffc001a4000 	C:\WINDOWS\system32\cfgmgr32.dll
0x00007ffbfe2a0000 - 0x00007ffbfe2c7000 	C:\WINDOWS\SYSTEM32\DEVOBJ.dll
0x0000000050950000 - 0x000000005095f000 	C:\Program Files\Java\jre1.8.0_65\bin\verify.dll
0x0000000050920000 - 0x0000000050949000 	C:\Program Files\Java\jre1.8.0_65\bin\java.dll
0x0000000050800000 - 0x0000000050835000 	C:\Program Files\Java\jre1.8.0_65\bin\jdwp.dll
0x00000000507f0000 - 0x00000000507f8000 	C:\Program Files\Java\jre1.8.0_65\bin\npt.dll
0x0000000050900000 - 0x0000000050916000 	C:\Program Files\Java\jre1.8.0_65\bin\zip.dll
0x00007ffc00f10000 - 0x00007ffc02432000 	C:\WINDOWS\system32\SHELL32.dll
0x00007ffbffad0000 - 0x00007ffc000f8000 	C:\WINDOWS\system32\windows.storage.dll
0x00007ffc008c0000 - 0x00007ffc00b3c000 	C:\WINDOWS\system32\combase.dll
0x00007ffc02a00000 - 0x00007ffc02a51000 	C:\WINDOWS\system32\shlwapi.dll
0x00007ffbff8f0000 - 0x00007ffbff8ff000 	C:\WINDOWS\system32\kernel.appcore.dll
0x00007ffc001b0000 - 0x00007ffc00263000 	C:\WINDOWS\system32\shcore.dll
0x00007ffbff860000 - 0x00007ffbff8aa000 	C:\WINDOWS\system32\powrprof.dll
0x00007ffbff8d0000 - 0x00007ffbff8e3000 	C:\WINDOWS\system32\profapi.dll
0x00000000507e0000 - 0x00000000507e9000 	C:\Program Files\Java\jre1.8.0_65\bin\dt_socket.dll
0x00007ffbe98d0000 - 0x00007ffbe98e5000 	C:\WINDOWS\system32\napinsp.dll
0x00007ffbe98f0000 - 0x00007ffbe990a000 	C:\WINDOWS\system32\pnrpnsp.dll
0x00007ffbfc390000 - 0x00007ffbfc3a8000 	C:\WINDOWS\system32\NLAapi.dll
0x00007ffbff070000 - 0x00007ffbff0cd000 	C:\WINDOWS\System32\mswsock.dll
0x00007ffbfee10000 - 0x00007ffbfeeb8000 	C:\WINDOWS\SYSTEM32\DNSAPI.dll
0x00007ffbeb6f0000 - 0x00007ffbeb6fd000 	C:\WINDOWS\System32\winrnr.dll
0x00007ffbe9910000 - 0x00007ffbe9925000 	C:\WINDOWS\system32\wshbth.dll
0x00007ffbf8210000 - 0x00007ffbf8278000 	C:\WINDOWS\System32\fwpuclnt.dll
0x00007ffbff790000 - 0x00007ffbff7b8000 	C:\WINDOWS\SYSTEM32\bcrypt.dll
0x00007ffbf6e20000 - 0x00007ffbf6e2a000 	C:\Windows\System32\rasadhlp.dll
0x0000000050610000 - 0x00000000507a8000 	C:\Program Files\Java\jre1.8.0_65\bin\awt.dll
0x00007ffc00da0000 - 0x00007ffc00e5e000 	C:\WINDOWS\system32\OLEAUT32.dll
0x00007ffbfddf0000 - 0x00007ffbfde68000 	C:\WINDOWS\system32\apphelp.dll
0x00007ffbfbda0000 - 0x00007ffbfbdc2000 	C:\WINDOWS\system32\DWMAPI.DLL
0x00007ffbfe200000 - 0x00007ffbfe296000 	C:\WINDOWS\system32\uxtheme.dll
0x00007ffbf50c0000 - 0x00007ffbf524a000 	C:\WINDOWS\SYSTEM32\dbghelp.dll

VM Arguments:
jvm_args: -agentlib:jdwp=transport=dt_socket,suspend=y,address=localhost:53138 -Dfile.encoding=Cp1252 
java_command: application.App
java_class_path (initial): C:\Users\Peter\git\ACE_Informatica_JavaSemester1\Opdracht1\bin;D:\Avond school ICT\2e jaar 2015-2016\java eclipse\eclipse\plugins\org.junit_4.12.0.v201504281640\junit.jar;D:\Avond school ICT\2e jaar 2015-2016\java eclipse\eclipse\plugins\org.hamcrest.core_1.3.0.v201303031735.jar;C:\Users\Peter\git\ACE_Informatica_JavaSemester1\Opdracht1\dp\lib\jcalendar-1.4.jar;C:\Users\Peter\git\ACE_Informatica_JavaSemester1\Opdracht1\dp\lib\jgoodies-common-1.2.0.jar;C:\Users\Peter\git\ACE_Informatica_JavaSemester1\Opdracht1\dp\lib\jgoodies-looks-2.4.1.jar
Launcher Type: SUN_STANDARD

Environment Variables:
PATH=C:/Program Files/Java/jre1.8.0_65/bin/server;C:/Program Files/Java/jre1.8.0_65/bin;C:/Program Files/Java/jre1.8.0_65/lib/amd64;C:\ProgramData\Oracle\Java\javapath;C:\Program Files (x86)\NVIDIA Corporation\PhysX\Common;C:\Program Files (x86)\Intel\iCLS Client\;C:\Program Files\Intel\iCLS Client\;C:\WINDOWS\system32;C:\WINDOWS;C:\WINDOWS\System32\Wbem;C:\WINDOWS\System32\WindowsPowerShell\v1.0\;C:\Program Files\Intel\Intel(R) Management Engine Components\DAL;C:\Program Files\Intel\Intel(R) Management Engine Components\IPT;C:\Program Files (x86)\Intel\Intel(R) Management Engine Components\DAL;C:\Program Files (x86)\Intel\Intel(R) Management Engine Components\IPT;C:\Program Files\Intel\WiFi\bin\;C:\Program Files\Common Files\Intel\WirelessCommon\;C:\Program Files (x86)\Windows Kits\8.1\Windows Performance Toolkit\;C:\Program Files (x86)\Microsoft SQL Server\100\Tools\Binn\VSShell\Common7\IDE\;C:\Program Files (x86)\Microsoft SQL Server\100\Tools\Binn\;C:\Program Files\Microsoft SQL Server\100\Tools\Binn\;C:\Program Files (x86)\Microsoft SQL Server\100\DTS\Binn\;C:\Program Files\Microsoft SQL Server\Client SDK\ODBC\110\Tools\Binn\;C:\Program Files (x86)\Microsoft SQL Server\120\Tools\Binn\;C:\Program Files\Microsoft SQL Server\120\Tools\Binn\;C:\Program Files\Microsoft SQL Server\120\DTS\Binn\;D:\Avond school ICT\2e jaar 2015-2016\java eclipse\eclipse;
USERNAME=Peter
OS=Windows_NT
PROCESSOR_IDENTIFIER=Intel64 Family 6 Model 60 Stepping 3, GenuineIntel



---------------  S Y S T E M  ---------------

OS: Windows 10.0 , 64 bit Build 10240 (10.0.10240.16384)

CPU:total 8 (4 cores per cpu, 2 threads per core) family 6 model 60 stepping 3, cmov, cx8, fxsr, mmx, sse, sse2, sse3, ssse3, sse4.1, sse4.2, popcnt, avx, avx2, aes, clmul, erms, lzcnt, ht, tsc, tscinvbit, bmi1, bmi2

Memory: 4k page, physical 8268936k(907552k free), swap 33434760k(1351104k free)

vm_info: Java HotSpot(TM) 64-Bit Server VM (25.65-b01) for windows-amd64 JRE (1.8.0_65-b17), built on Oct  6 2015 16:39:20 by "java_re" with MS VC++ 10.0 (VS2010)

time: Thu Nov 05 17:22:26 2015
elapsed time: 24 seconds (0d 0h 0m 24s)

