#
# There is insufficient memory for the Java Runtime Environment to continue.
# Native memory allocation (malloc) failed to allocate 32744 bytes for ChunkPool::allocate
# Possible reasons:
#   The system is out of physical RAM or swap space
#   In 32 bit mode, the process size limit was hit
# Possible solutions:
#   Reduce memory load on the system
#   Increase physical memory or swap space
#   Check if swap backing store is full
#   Use 64 bit Java on a 64 bit OS
#   Decrease Java heap size (-Xmx/-Xms)
#   Decrease number of Java threads
#   Decrease Java thread stack sizes (-Xss)
#   Set larger code cache with -XX:ReservedCodeCacheSize=
# This output file may be truncated or incomplete.
#
#  Out of Memory Error (allocation.cpp:273), pid=49200, tid=53752
#
# JRE version: Java(TM) SE Runtime Environment (8.0_65-b17) (build 1.8.0_65-b17)
# Java VM: Java HotSpot(TM) 64-Bit Server VM (25.65-b01 mixed mode windows-amd64 compressed oops)
# Failed to write core dump. Minidumps are not enabled by default on client versions of Windows
#

---------------  T H R E A D  ---------------

Current thread (0x00000000198ed800):  JavaThread "C2 CompilerThread0" daemon [_thread_in_native, id=53752, stack(0x000000001a4e0000,0x000000001a5e0000)]

Stack: [0x000000001a4e0000,0x000000001a5e0000]
[error occurred during error reporting (printing stack bounds), id 0xc0000005]

Native frames: (J=compiled Java code, j=interpreted, Vv=VM code, C=native code)


Current CompileTask:
C2:  10012   22       4       java.lang.String::charAt (29 bytes)


---------------  P R O C E S S  ---------------

Java Threads: ( => current thread )
  0x0000000019958800 JavaThread "Service Thread" daemon [_thread_blocked, id=53884, stack(0x000000001a8e0000,0x000000001a9e0000)]
  0x000000001994d800 JavaThread "C1 CompilerThread3" daemon [_thread_blocked, id=53836, stack(0x000000001a7e0000,0x000000001a8e0000)]
  0x000000001994b000 JavaThread "C2 CompilerThread2" daemon [_thread_blocked, id=53808, stack(0x000000001a6e0000,0x000000001a7e0000)]
  0x0000000019949000 JavaThread "C2 CompilerThread1" daemon [_thread_blocked, id=53780, stack(0x000000001a5e0000,0x000000001a6e0000)]
=>0x00000000198ed800 JavaThread "C2 CompilerThread0" daemon [_thread_in_native, id=53752, stack(0x000000001a4e0000,0x000000001a5e0000)]
  0x00000000198ec800 JavaThread "JDWP Command Reader" daemon [_thread_in_native, id=53068, stack(0x000000001a3e0000,0x000000001a4e0000)]
  0x00000000198de000 JavaThread "JDWP Event Helper Thread" daemon [_thread_blocked, id=53056, stack(0x000000001a2e0000,0x000000001a3e0000)]
  0x00000000198da000 JavaThread "JDWP Transport Listener: dt_socket" daemon [_thread_blocked, id=53052, stack(0x000000001a1e0000,0x000000001a2e0000)]
  0x00000000198c5800 JavaThread "Attach Listener" daemon [_thread_blocked, id=51404, stack(0x0000000019da0000,0x0000000019ea0000)]
  0x00000000198c4800 JavaThread "Signal Dispatcher" daemon [_thread_blocked, id=51400, stack(0x0000000019ca0000,0x0000000019da0000)]
  0x00000000027f9800 JavaThread "Finalizer" daemon [_thread_blocked, id=51272, stack(0x00000000196a0000,0x00000000197a0000)]
  0x00000000027f3000 JavaThread "Reference Handler" daemon [_thread_blocked, id=51268, stack(0x00000000195a0000,0x00000000196a0000)]
  0x00000000025fe000 JavaThread "main" [_thread_in_vm, id=49944, stack(0x00000000024e0000,0x00000000025e0000)]

Other Threads:
  0x0000000017779000 VMThread [stack: 0x00000000194a0000,0x00000000195a0000] [id=50420]
  0x000000001995b800 WatcherThread [stack: 0x000000001a9e0000,0x000000001aae0000] [id=53904]

VM state:not at safepoint (normal execution)

VM Mutex/Monitor currently owned by a thread: None

Heap:
 PSYoungGen      total 38400K, used 2662K [0x00000000d5f00000, 0x00000000d8980000, 0x0000000100000000)
  eden space 33280K, 8% used [0x00000000d5f00000,0x00000000d6199a70,0x00000000d7f80000)
  from space 5120K, 0% used [0x00000000d8480000,0x00000000d8480000,0x00000000d8980000)
  to   space 5120K, 0% used [0x00000000d7f80000,0x00000000d7f80000,0x00000000d8480000)
 ParOldGen       total 87552K, used 0K [0x0000000081c00000, 0x0000000087180000, 0x00000000d5f00000)
  object space 87552K, 0% used [0x0000000081c00000,0x0000000081c00000,0x0000000087180000)
 Metaspace       used 2378K, capacity 4480K, committed 4480K, reserved 1056768K
  class space    used 264K, capacity 384K, committed 384K, reserved 1048576K

Card table byte_map: [0x0000000011bc0000,0x0000000011fc0000] byte_map_base: 0x00000000117b2000

Marking Bits: (ParMarkBitMap*) 0x000000005116a5b0
 Begin Bits: [0x0000000012a70000, 0x0000000014a00000)
 End Bits:   [0x0000000014a00000, 0x0000000016990000)

Polling page: 0x0000000000cc0000

CodeCache: size=245760Kb used=1093Kb max_used=1093Kb free=244666Kb
 bounds [0x0000000002800000, 0x0000000002a70000, 0x0000000011800000]
 total_blobs=242 nmethods=23 adapters=141
 compilation: enabled

Compilation events (10 events):
Event: 9.978 Thread 0x00000000198ed800   22       4       java.lang.String::charAt (29 bytes)
Event: 9.979 Thread 0x000000001994d800 nmethod 19 0x000000000290f090 code [0x000000000290f200, 0x000000000290f588]
Event: 9.979 Thread 0x000000001994d800   21       3       java.io.WinNTFileSystem::isSlash (18 bytes)
Event: 9.979 Thread 0x000000001994d800 nmethod 21 0x000000000290f790 code [0x000000000290f8e0, 0x000000000290fad0]
Event: 9.979 Thread 0x000000001994d800   23  s    3       java.lang.StringBuffer::append (13 bytes)
Event: 9.979 Thread 0x000000001994d800 nmethod 23 0x000000000290fb50 code [0x000000000290fce0, 0x00000000029101e8]
Event: 9.979 Thread 0x000000001994d800   20       3       java.lang.String::<init> (82 bytes)
Event: 9.980 Thread 0x000000001994d800 nmethod 20 0x0000000002910450 code [0x0000000002910620, 0x0000000002910b58]
Event: 9.983 Thread 0x000000001994d800   24       3       java.lang.CharacterDataLatin1::toUpperCase (53 bytes)
Event: 9.983 Thread 0x000000001994d800 nmethod 24 0x0000000002910e90 code [0x0000000002911000, 0x00000000029112f0]

GC Heap History (0 events):
No events

Deoptimization events (0 events):
No events

Internal exceptions (2 events):
Event: 1.083 Thread 0x00000000025fe000 Exception <a 'java/lang/NoSuchMethodError': Method sun.misc.Unsafe.defineClass(Ljava/lang/String;[BII)Ljava/lang/Class; name or signature does not match> (0x00000000d5f0dd98) thrown at [C:\workspace\8-2-build-windows-amd64-cygwin\jdk8u65\4987\hotspot\src\sÎv’ÕTÒ?
Event: 1.083 Thread 0x00000000025fe000 Exception <a 'java/lang/NoSuchMethodError': Method sun.misc.Unsafe.prefetchRead(Ljava/lang/Object;J)V name or signature does not match> (0x00000000d5f0e080) thrown at [C:\workspace\8-2-build-windows-amd64-cygwin\jdk8u65\4987\hotspot\src\share\vm\prims\jni.

Events (10 events):
Event: 9.974 loading class sun/nio/cs/ThreadLocalCoders$2 done
Event: 9.974 loading class sun/nio/cs/UTF_8$Decoder
Event: 9.975 loading class sun/nio/cs/UTF_8$Decoder done
Event: 9.981 loading class sun/misc/URLClassPath$FileLoader
Event: 9.981 loading class sun/misc/URLClassPath$FileLoader done
Event: 9.982 loading class sun/misc/URLClassPath$FileLoader$1
Event: 9.982 loading class sun/misc/Resource
Event: 9.982 loading class sun/misc/Resource done
Event: 9.982 loading class sun/misc/URLClassPath$FileLoader$1 done
Event: 9.982 loading class java/lang/Package


Dynamic libraries:
0x00007ff6d7500000 - 0x00007ff6d7537000 	C:\Program Files\Java\jre1.8.0_65\bin\javaw.exe
0x00007ffc02e30000 - 0x00007ffc02ff1000 	C:\WINDOWS\SYSTEM32\ntdll.dll
0x00007ffc02bf0000 - 0x00007ffc02c9d000 	C:\WINDOWS\system32\KERNEL32.DLL
0x00007ffc00320000 - 0x00007ffc004fd000 	C:\WINDOWS\system32\KERNELBASE.dll
0x00007ffc00e60000 - 0x00007ffc00f06000 	C:\WINDOWS\system32\ADVAPI32.dll
0x00007ffc00500000 - 0x00007ffc0059d000 	C:\WINDOWS\system32\msvcrt.dll
0x00007ffc005a0000 - 0x00007ffc005fb000 	C:\WINDOWS\system32\sechost.dll
0x00007ffc02ac0000 - 0x00007ffc02be6000 	C:\WINDOWS\system32\RPCRT4.dll
0x00007ffc00770000 - 0x00007ffc008be000 	C:\WINDOWS\system32\USER32.dll
0x00007ffc027f0000 - 0x00007ffc02976000 	C:\WINDOWS\system32\GDI32.dll
0x00007ffbfafd0000 - 0x00007ffbfb244000 	C:\WINDOWS\WinSxS\amd64_microsoft.windows.common-controls_6595b64144ccf1df_6.0.10240.16384_none_f41f7b285750ef43\COMCTL32.dll
0x00007ffc02ca0000 - 0x00007ffc02cd6000 	C:\WINDOWS\system32\IMM32.DLL
0x00007ffc00600000 - 0x00007ffc0075c000 	C:\WINDOWS\system32\MSCTF.dll
0x00000000504e0000 - 0x00000000505b2000 	C:\Program Files\Java\jre1.8.0_65\bin\msvcr100.dll
0x0000000050960000 - 0x00000000511e9000 	C:\Program Files\Java\jre1.8.0_65\bin\server\jvm.dll
0x00007ffc00760000 - 0x00007ffc00768000 	C:\WINDOWS\system32\PSAPI.DLL
0x00007ffbf5080000 - 0x00007ffbf5089000 	C:\WINDOWS\SYSTEM32\WSOCK32.dll
0x00007ffc02780000 - 0x00007ffc027e9000 	C:\WINDOWS\system32\WS2_32.dll
0x00007ffc029e0000 - 0x00007ffc029e8000 	C:\WINDOWS\system32\NSI.dll
0x00007ffbfdb30000 - 0x00007ffbfdb53000 	C:\WINDOWS\SYSTEM32\WINMM.dll
0x00007ffbfca10000 - 0x00007ffbfca1a000 	C:\WINDOWS\SYSTEM32\VERSION.dll
0x00007ffbfd870000 - 0x00007ffbfd89c000 	C:\WINDOWS\SYSTEM32\WINMMBASE.dll
0x00007ffc00160000 - 0x00007ffc001a4000 	C:\WINDOWS\system32\cfgmgr32.dll
0x00007ffbfe2a0000 - 0x00007ffbfe2c7000 	C:\WINDOWS\SYSTEM32\DEVOBJ.dll
0x0000000050950000 - 0x000000005095f000 	C:\Program Files\Java\jre1.8.0_65\bin\verify.dll
0x0000000050920000 - 0x0000000050949000 	C:\Program Files\Java\jre1.8.0_65\bin\java.dll
0x0000000050800000 - 0x0000000050835000 	C:\Program Files\Java\jre1.8.0_65\bin\jdwp.dll
0x00000000507f0000 - 0x00000000507f8000 	C:\Program Files\Java\jre1.8.0_65\bin\npt.dll
0x0000000050900000 - 0x0000000050916000 	C:\Program Files\Java\jre1.8.0_65\bin\zip.dll
0x00007ffc00f10000 - 0x00007ffc02432000 	C:\WINDOWS\system32\SHELL32.dll
0x00007ffbffad0000 - 0x00007ffc000f8000 	C:\WINDOWS\system32\windows.storage.dll
0x00007ffc008c0000 - 0x00007ffc00b3c000 	C:\WINDOWS\system32\combase.dll
0x00007ffc02a00000 - 0x00007ffc02a51000 	C:\WINDOWS\system32\shlwapi.dll
0x00007ffbff8f0000 - 0x00007ffbff8ff000 	C:\WINDOWS\system32\kernel.appcore.dll
0x00007ffc001b0000 - 0x00007ffc00263000 	C:\WINDOWS\system32\shcore.dll
0x00007ffbff860000 - 0x00007ffbff8aa000 	C:\WINDOWS\system32\powrprof.dll
0x00007ffbff8d0000 - 0x00007ffbff8e3000 	C:\WINDOWS\system32\profapi.dll
0x00000000507e0000 - 0x00000000507e9000 	C:\Program Files\Java\jre1.8.0_65\bin\dt_socket.dll
0x00007ffbe98d0000 - 0x00007ffbe98e5000 	C:\WINDOWS\system32\napinsp.dll
0x00007ffbe98f0000 - 0x00007ffbe990a000 	C:\WINDOWS\system32\pnrpnsp.dll
0x00007ffbfc390000 - 0x00007ffbfc3a8000 	C:\WINDOWS\system32\NLAapi.dll
0x00007ffbff070000 - 0x00007ffbff0cd000 	C:\WINDOWS\System32\mswsock.dll
0x00007ffbfee10000 - 0x00007ffbfeeb8000 	C:\WINDOWS\SYSTEM32\DNSAPI.dll
0x00007ffbeb6f0000 - 0x00007ffbeb6fd000 	C:\WINDOWS\System32\winrnr.dll
0x00007ffbe9910000 - 0x00007ffbe9925000 	C:\WINDOWS\system32\wshbth.dll
0x00007ffbf8210000 - 0x00007ffbf8278000 	C:\WINDOWS\System32\fwpuclnt.dll
0x00007ffbff790000 - 0x00007ffbff7b8000 	C:\WINDOWS\SYSTEM32\bcrypt.dll
0x00007ffbf6e20000 - 0x00007ffbf6e2a000 	C:\Windows\System32\rasadhlp.dll

VM Arguments:
jvm_args: -agentlib:jdwp=transport=dt_socket,suspend=y,address=localhost:53194 -Dfile.encoding=Cp1252 
java_command: application.App
java_class_path (initial): C:\Users\Peter\git\ACE_Informatica_JavaSemester1\Opdracht1\bin;D:\Avond school ICT\2e jaar 2015-2016\java eclipse\eclipse\plugins\org.junit_4.12.0.v201504281640\junit.jar;D:\Avond school ICT\2e jaar 2015-2016\java eclipse\eclipse\plugins\org.hamcrest.core_1.3.0.v201303031735.jar;C:\Users\Peter\git\ACE_Informatica_JavaSemester1\Opdracht1\dp\lib\jcalendar-1.4.jar;C:\Users\Peter\git\ACE_Informatica_JavaSemester1\Opdracht1\dp\lib\jgoodies-common-1.2.0.jar;C:\Users\Peter\git\ACE_Informatica_JavaSemester1\Opdracht1\dp\lib\jgoodies-looks-2.4.1.jar
Launcher Type: SUN_STANDARD

Environment Variables:
PATH=C:/Program Files/Java/jre1.8.0_65/bin/server;C:/Program Files/Java/jre1.8.0_65/bin;C:/Program Files/Java/jre1.8.0_65/lib/amd64;C:\ProgramData\Oracle\Java\javapath;C:\Program Files (x86)\NVIDIA Corporation\PhysX\Common;C:\Program Files (x86)\Intel\iCLS Client\;C:\Program Files\Intel\iCLS Client\;C:\WINDOWS\system32;C:\WINDOWS;C:\WINDOWS\System32\Wbem;C:\WINDOWS\System32\WindowsPowerShell\v1.0\;C:\Program Files\Intel\Intel(R) Management Engine Components\DAL;C:\Program Files\Intel\Intel(R) Management Engine Components\IPT;C:\Program Files (x86)\Intel\Intel(R) Management Engine Components\DAL;C:\Program Files (x86)\Intel\Intel(R) Management Engine Components\IPT;C:\Program Files\Intel\WiFi\bin\;C:\Program Files\Common Files\Intel\WirelessCommon\;C:\Program Files (x86)\Windows Kits\8.1\Windows Performance Toolkit\;C:\Program Files (x86)\Microsoft SQL Server\100\Tools\Binn\VSShell\Common7\IDE\;C:\Program Files (x86)\Microsoft SQL Server\100\Tools\Binn\;C:\Program Files\Microsoft SQL Server\100\Tools\Binn\;C:\Program Files (x86)\Microsoft SQL Server\100\DTS\Binn\;C:\Program Files\Microsoft SQL Server\Client SDK\ODBC\110\Tools\Binn\;C:\Program Files (x86)\Microsoft SQL Server\120\Tools\Binn\;C:\Program Files\Microsoft SQL Server\120\Tools\Binn\;C:\Program Files\Microsoft SQL Server\120\DTS\Binn\;D:\Avond school ICT\2e jaar 2015-2016\java eclipse\eclipse;
USERNAME=Peter
OS=Windows_NT
PROCESSOR_IDENTIFIER=Intel64 Family 6 Model 60 Stepping 3, GenuineIntel



---------------  S Y S T E M  ---------------

OS: Windows 10.0 , 64 bit Build 10240 (10.0.10240.16384)

CPU:total 8 (4 cores per cpu, 2 threads per core) family 6 model 60 stepping 3, cmov, cx8, fxsr, mmx, sse, sse2, sse3, ssse3, sse4.1, sse4.2, popcnt, avx, avx2, aes, clmul, erms, lzcnt, ht, tsc, tscinvbit, bmi1, bmi2

Memory: 4k page, physical 8268936k(815528k free), swap 33434760k(532k free)

vm_info: Java HotSpot(TM) 64-Bit Server VM (25.65-b01) for windows-amd64 JRE (1.8.0_65-b17), built on Oct  6 2015 16:39:20 by "java_re" with MS VC++ 10.0 (VS2010)

time: Thu Nov 05 17:22:25 2015
elapsed time: 10 seconds (0d 0h 0m 10s)

