#
# There is insufficient memory for the Java Runtime Environment to continue.
# Native memory allocation (malloc) failed to allocate 32744 bytes for ChunkPool::allocate
# Possible reasons:
#   The system is out of physical RAM or swap space
#   In 32 bit mode, the process size limit was hit
# Possible solutions:
#   Reduce memory load on the system
#   Increase physical memory or swap space
#   Check if swap backing store is full
#   Use 64 bit Java on a 64 bit OS
#   Decrease Java heap size (-Xmx/-Xms)
#   Decrease number of Java threads
#   Decrease Java thread stack sizes (-Xss)
#   Set larger code cache with -XX:ReservedCodeCacheSize=
# This output file may be truncated or incomplete.
#
#  Out of Memory Error (allocation.cpp:273), pid=41028, tid=43844
#
# JRE version: Java(TM) SE Runtime Environment (8.0_65-b17) (build 1.8.0_65-b17)
# Java VM: Java HotSpot(TM) 64-Bit Server VM (25.65-b01 mixed mode windows-amd64 compressed oops)
# Failed to write core dump. Minidumps are not enabled by default on client versions of Windows
#

---------------  T H R E A D  ---------------

Current thread (0x0000000019390000):  JavaThread "C1 CompilerThread3" daemon [_thread_in_native, id=43844, stack(0x000000001a210000,0x000000001a310000)]

Stack: [0x000000001a210000,0x000000001a310000]
[error occurred during error reporting (printing stack bounds), id 0xc0000005]

Native frames: (J=compiled Java code, j=interpreted, Vv=VM code, C=native code)


Current CompileTask:
C1:  27939 1141   !   3       sun.java2d.SunGraphics2D::validateCompClip (224 bytes)


---------------  P R O C E S S  ---------------

Java Threads: ( => current thread )
  0x000000001a85a000 JavaThread "TimerQueue" daemon [_thread_blocked, id=44708, stack(0x000000001b710000,0x000000001b810000)]
  0x000000000217e000 JavaThread "DestroyJavaVM" [_thread_blocked, id=41092, stack(0x0000000001fb0000,0x00000000020b0000)]
  0x000000001a740000 JavaThread "AWT-EventQueue-0" [_thread_blocked, id=47040, stack(0x000000001b410000,0x000000001b510000)]
  0x000000001a73f000 JavaThread "AWT-Shutdown" [_thread_blocked, id=47028, stack(0x000000001b010000,0x000000001b110000)]
  0x000000001a681000 JavaThread "AWT-Windows" daemon [_thread_in_native, id=44704, stack(0x000000001b110000,0x000000001b210000)]
  0x000000001a677800 JavaThread "Java2D Disposer" daemon [_thread_blocked, id=44672, stack(0x000000001af10000,0x000000001b010000)]
  0x00000000193b7800 JavaThread "Service Thread" daemon [_thread_blocked, id=43848, stack(0x000000001a310000,0x000000001a410000)]
=>0x0000000019390000 JavaThread "C1 CompilerThread3" daemon [_thread_in_native, id=43844, stack(0x000000001a210000,0x000000001a310000)]
  0x0000000019385000 JavaThread "C2 CompilerThread2" daemon [_thread_blocked, id=43840, stack(0x000000001a110000,0x000000001a210000)]
  0x000000001932e000 JavaThread "C2 CompilerThread1" daemon [_thread_blocked, id=43836, stack(0x000000001a010000,0x000000001a110000)]
  0x0000000019325000 JavaThread "C2 CompilerThread0" daemon [_thread_in_native, id=43832, stack(0x0000000019f10000,0x000000001a010000)]
  0x000000001931a800 JavaThread "JDWP Command Reader" daemon [_thread_in_native, id=42216, stack(0x0000000019e10000,0x0000000019f10000)]
  0x0000000019315000 JavaThread "JDWP Event Helper Thread" daemon [_thread_blocked, id=42212, stack(0x0000000019d10000,0x0000000019e10000)]
  0x00000000192fc800 JavaThread "JDWP Transport Listener: dt_socket" daemon [_thread_blocked, id=42208, stack(0x0000000019c10000,0x0000000019d10000)]
  0x00000000192f5800 JavaThread "Attach Listener" daemon [_thread_blocked, id=41936, stack(0x00000000197d0000,0x00000000198d0000)]
  0x00000000192f4800 JavaThread "Signal Dispatcher" daemon [_thread_blocked, id=41932, stack(0x00000000196d0000,0x00000000197d0000)]
  0x0000000002279800 JavaThread "Finalizer" daemon [_thread_blocked, id=41412, stack(0x00000000190d0000,0x00000000191d0000)]
  0x0000000002273000 JavaThread "Reference Handler" daemon [_thread_blocked, id=41408, stack(0x0000000018fd0000,0x00000000190d0000)]

Other Threads:
  0x00000000171f9000 VMThread [stack: 0x0000000018ed0000,0x0000000018fd0000] [id=41376]
  0x00000000193ca800 WatcherThread [stack: 0x000000001a410000,0x000000001a510000] [id=43944]

VM state:not at safepoint (normal execution)

VM Mutex/Monitor currently owned by a thread: None

Heap:
 PSYoungGen      total 38400K, used 16408K [0x00000000d5f00000, 0x00000000d8980000, 0x0000000100000000)
  eden space 33280K, 49% used [0x00000000d5f00000,0x00000000d6f06050,0x00000000d7f80000)
  from space 5120K, 0% used [0x00000000d8480000,0x00000000d8480000,0x00000000d8980000)
  to   space 5120K, 0% used [0x00000000d7f80000,0x00000000d7f80000,0x00000000d8480000)
 ParOldGen       total 87552K, used 0K [0x0000000081c00000, 0x0000000087180000, 0x00000000d5f00000)
  object space 87552K, 0% used [0x0000000081c00000,0x0000000081c00000,0x0000000087180000)
 Metaspace       used 12317K, capacity 12548K, committed 12800K, reserved 1060864K
  class space    used 1624K, capacity 1714K, committed 1792K, reserved 1048576K

Card table byte_map: [0x0000000011640000,0x0000000011a40000] byte_map_base: 0x0000000011232000

Marking Bits: (ParMarkBitMap*) 0x000000005116a5b0
 Begin Bits: [0x00000000124f0000, 0x0000000014480000)
 End Bits:   [0x0000000014480000, 0x0000000016410000)

Polling page: 0x0000000000480000

CodeCache: size=245760Kb used=3937Kb max_used=3937Kb free=241822Kb
 bounds [0x0000000002280000, 0x0000000002660000, 0x0000000011280000]
 total_blobs=1619 nmethods=1138 adapters=401
 compilation: enabled

Compilation events (10 events):
Event: 27.066 Thread 0x0000000019390000 1136       3       javax.swing.text.Utilities::getTabbedTextWidth (12 bytes)
Event: 27.066 Thread 0x0000000019390000 nmethod 1136 0x0000000002657190 code [0x0000000002657300, 0x00000000026574a8]
Event: 27.066 Thread 0x0000000019390000 1137       3       sun.java2d.SunGraphics2D::setColor (108 bytes)
Event: 27.067 Thread 0x0000000019390000 nmethod 1137 0x0000000002657550 code [0x00000000026576e0, 0x0000000002657bf8]
Event: 27.684 Thread 0x0000000019390000 1138   !   3       java.util.concurrent.locks.AbstractQueuedSynchronizer::acquireQueued (93 bytes)
Event: 27.686 Thread 0x0000000019390000 nmethod 1138 0x0000000002657c90 code [0x0000000002657ec0, 0x0000000002658a18]
Event: 27.686 Thread 0x0000000019390000 1139       3       sun.awt.SunToolkit::getAppContext (42 bytes)
Event: 27.687 Thread 0x0000000019390000 nmethod 1139 0x0000000002659110 code [0x0000000002659300, 0x0000000002659ce8]
Event: 27.687 Thread 0x0000000019390000 1141   !   3       sun.java2d.SunGraphics2D::validateCompClip (224 bytes)
Event: 27.687 Thread 0x0000000019325000 1140       4       java.awt.Component$1::getAppContext (5 bytes)

GC Heap History (0 events):
No events

Deoptimization events (5 events):
Event: 7.383 Thread 0x000000001a740000 Uncommon trap: reason=unstable_if action=reinterpret pc=0x000000000256a574 method=java.util.Calendar.getSetStateFields()I @ 19
Event: 7.637 Thread 0x000000001a740000 Uncommon trap: reason=unstable_if action=reinterpret pc=0x00000000026164f4 method=javax.swing.RepaintManager.addDirtyRegion0(Ljava/awt/Container;IIII)V @ 2
Event: 7.637 Thread 0x000000001a740000 Uncommon trap: reason=unstable_if action=reinterpret pc=0x0000000002612b44 method=javax.swing.RepaintManager.addDirtyRegion0(Ljava/awt/Container;IIII)V @ 2
Event: 7.702 Thread 0x000000001a740000 Uncommon trap: reason=unstable_if action=reinterpret pc=0x000000000255e2f0 method=sun.awt.SunToolkit.getAppContext(Ljava/lang/Object;)Lsun/awt/AppContext; @ 4
Event: 7.710 Thread 0x000000001a740000 Uncommon trap: reason=unstable_if action=reinterpret pc=0x0000000002528374 method=sun.awt.SunToolkit.getAppContext(Ljava/lang/Object;)Lsun/awt/AppContext; @ 4

Internal exceptions (10 events):
Event: 0.111 Thread 0x000000000217e000 Exception <a 'java/lang/NoSuchMethodError': Method sun.misc.Unsafe.defineClass(Ljava/lang/String;[BII)Ljava/lang/Class; name or signature does not match> (0x00000000d5f0dd98) thrown at [C:\workspace\8-2-build-windows-amd64-cygwin\jdk8u65\4987\hotspot\src\s{Pê_/„¼?
Event: 0.111 Thread 0x000000000217e000 Exception <a 'java/lang/NoSuchMethodError': Method sun.misc.Unsafe.prefetchRead(Ljava/lang/Object;J)V name or signature does not match> (0x00000000d5f0e080) thrown at [C:\workspace\8-2-build-windows-amd64-cygwin\jdk8u65\4987\hotspot\src\share\vm\prims\jni.Ù *½‰û?
Event: 1.721 Thread 0x000000000217e000 Exception <a 'java/security/PrivilegedActionException'> (0x00000000d5fa4d10) thrown at [C:\workspace\8-2-build-windows-amd64-cygwin\jdk8u65\4987\hotspot\src\share\vm\prims\jvm.cpp, line 1386]
Event: 1.721 Thread 0x000000000217e000 Exception <a 'java/security/PrivilegedActionException'> (0x00000000d5fa4f20) thrown at [C:\workspace\8-2-build-windows-amd64-cygwin\jdk8u65\4987\hotspot\src\share\vm\prims\jvm.cpp, line 1386]
Event: 1.723 Thread 0x000000000217e000 Exception <a 'java/security/PrivilegedActionException'> (0x00000000d619bf20) thrown at [C:\workspace\8-2-build-windows-amd64-cygwin\jdk8u65\4987\hotspot\src\share\vm\prims\jvm.cpp, line 1386]
Event: 1.723 Thread 0x000000000217e000 Exception <a 'java/security/PrivilegedActionException'> (0x00000000d619c130) thrown at [C:\workspace\8-2-build-windows-amd64-cygwin\jdk8u65\4987\hotspot\src\share\vm\prims\jvm.cpp, line 1386]
Event: 1.883 Thread 0x000000000217e000 Exception <a 'java/io/FileNotFoundException'> (0x00000000d61a7de0) thrown at [C:\workspace\8-2-build-windows-amd64-cygwin\jdk8u65\4987\hotspot\src\share\vm\prims\jni.cpp, line 709]
Event: 2.254 Thread 0x000000000217e000 Exception <a 'java/lang/NoSuchFieldError': method resolution failed> (0x00000000d6275610) thrown at [C:\workspace\8-2-build-windows-amd64-cygwin\jdk8u65\4987\hotspot\src\share\vm\prims\methodHandles.cpp, line 1146]
Event: 2.268 Thread 0x000000000217e000 Exception <a 'java/lang/NoSuchFieldError': method resolution failed> (0x00000000d62829e0) thrown at [C:\workspace\8-2-build-windows-amd64-cygwin\jdk8u65\4987\hotspot\src\share\vm\prims\methodHandles.cpp, line 1146]
Event: 2.973 Thread 0x000000000217e000 Exception <a 'java/io/FileNotFoundException'> (0x00000000d631a8d8) thrown at [C:\workspace\8-2-build-windows-amd64-cygwin\jdk8u65\4987\hotspot\src\share\vm\prims\jni.cpp, line 709]

Events (10 events):
Event: 7.726 loading class java/util/concurrent/TimeUnit$5 done
Event: 7.726 loading class java/util/concurrent/TimeUnit$6
Event: 7.727 loading class java/util/concurrent/TimeUnit$6 done
Event: 7.727 loading class java/util/concurrent/TimeUnit$7
Event: 7.727 loading class java/util/concurrent/TimeUnit$7 done
Event: 8.233 loading class javax/swing/Timer$1
Event: 8.233 loading class javax/swing/Timer$1 done
Event: 11.262 Executing VM operation: RevokeBias
Event: 11.263 Executing VM operation: RevokeBias done
Event: 11.263 Thread 0x000000001a846000 Thread exited: 0x000000001a846000


Dynamic libraries:
0x00007ff6d7500000 - 0x00007ff6d7537000 	C:\Program Files\Java\jre1.8.0_65\bin\javaw.exe
0x00007ffc02e30000 - 0x00007ffc02ff1000 	C:\WINDOWS\SYSTEM32\ntdll.dll
0x00007ffc02bf0000 - 0x00007ffc02c9d000 	C:\WINDOWS\system32\KERNEL32.DLL
0x00007ffc00320000 - 0x00007ffc004fd000 	C:\WINDOWS\system32\KERNELBASE.dll
0x00007ffc00e60000 - 0x00007ffc00f06000 	C:\WINDOWS\system32\ADVAPI32.dll
0x00007ffc00500000 - 0x00007ffc0059d000 	C:\WINDOWS\system32\msvcrt.dll
0x00007ffc005a0000 - 0x00007ffc005fb000 	C:\WINDOWS\system32\sechost.dll
0x00007ffc02ac0000 - 0x00007ffc02be6000 	C:\WINDOWS\system32\RPCRT4.dll
0x00007ffc00770000 - 0x00007ffc008be000 	C:\WINDOWS\system32\USER32.dll
0x00007ffc027f0000 - 0x00007ffc02976000 	C:\WINDOWS\system32\GDI32.dll
0x00007ffbfafd0000 - 0x00007ffbfb244000 	C:\WINDOWS\WinSxS\amd64_microsoft.windows.common-controls_6595b64144ccf1df_6.0.10240.16384_none_f41f7b285750ef43\COMCTL32.dll
0x00007ffc02ca0000 - 0x00007ffc02cd6000 	C:\WINDOWS\system32\IMM32.DLL
0x00007ffc00600000 - 0x00007ffc0075c000 	C:\WINDOWS\system32\MSCTF.dll
0x00000000504e0000 - 0x00000000505b2000 	C:\Program Files\Java\jre1.8.0_65\bin\msvcr100.dll
0x0000000050960000 - 0x00000000511e9000 	C:\Program Files\Java\jre1.8.0_65\bin\server\jvm.dll
0x00007ffc00760000 - 0x00007ffc00768000 	C:\WINDOWS\system32\PSAPI.DLL
0x00007ffbf5080000 - 0x00007ffbf5089000 	C:\WINDOWS\SYSTEM32\WSOCK32.dll
0x00007ffc02780000 - 0x00007ffc027e9000 	C:\WINDOWS\system32\WS2_32.dll
0x00007ffc029e0000 - 0x00007ffc029e8000 	C:\WINDOWS\system32\NSI.dll
0x00007ffbfdb30000 - 0x00007ffbfdb53000 	C:\WINDOWS\SYSTEM32\WINMM.dll
0x00007ffbfca10000 - 0x00007ffbfca1a000 	C:\WINDOWS\SYSTEM32\VERSION.dll
0x00007ffbfd870000 - 0x00007ffbfd89c000 	C:\WINDOWS\SYSTEM32\WINMMBASE.dll
0x00007ffc00160000 - 0x00007ffc001a4000 	C:\WINDOWS\system32\cfgmgr32.dll
0x00007ffbfe2a0000 - 0x00007ffbfe2c7000 	C:\WINDOWS\SYSTEM32\DEVOBJ.dll
0x0000000050950000 - 0x000000005095f000 	C:\Program Files\Java\jre1.8.0_65\bin\verify.dll
0x0000000050920000 - 0x0000000050949000 	C:\Program Files\Java\jre1.8.0_65\bin\java.dll
0x0000000050800000 - 0x0000000050835000 	C:\Program Files\Java\jre1.8.0_65\bin\jdwp.dll
0x00000000507f0000 - 0x00000000507f8000 	C:\Program Files\Java\jre1.8.0_65\bin\npt.dll
0x0000000050900000 - 0x0000000050916000 	C:\Program Files\Java\jre1.8.0_65\bin\zip.dll
0x00007ffc00f10000 - 0x00007ffc02432000 	C:\WINDOWS\system32\SHELL32.dll
0x00007ffbffad0000 - 0x00007ffc000f8000 	C:\WINDOWS\system32\windows.storage.dll
0x00007ffc008c0000 - 0x00007ffc00b3c000 	C:\WINDOWS\system32\combase.dll
0x00007ffc02a00000 - 0x00007ffc02a51000 	C:\WINDOWS\system32\shlwapi.dll
0x00007ffbff8f0000 - 0x00007ffbff8ff000 	C:\WINDOWS\system32\kernel.appcore.dll
0x00007ffc001b0000 - 0x00007ffc00263000 	C:\WINDOWS\system32\shcore.dll
0x00007ffbff860000 - 0x00007ffbff8aa000 	C:\WINDOWS\system32\powrprof.dll
0x00007ffbff8d0000 - 0x00007ffbff8e3000 	C:\WINDOWS\system32\profapi.dll
0x00000000507e0000 - 0x00000000507e9000 	C:\Program Files\Java\jre1.8.0_65\bin\dt_socket.dll
0x00007ffbe98d0000 - 0x00007ffbe98e5000 	C:\WINDOWS\system32\napinsp.dll
0x00007ffbe98f0000 - 0x00007ffbe990a000 	C:\WINDOWS\system32\pnrpnsp.dll
0x00007ffbfc390000 - 0x00007ffbfc3a8000 	C:\WINDOWS\system32\NLAapi.dll
0x00007ffbff070000 - 0x00007ffbff0cd000 	C:\WINDOWS\System32\mswsock.dll
0x00007ffbfee10000 - 0x00007ffbfeeb8000 	C:\WINDOWS\SYSTEM32\DNSAPI.dll
0x00007ffbeb6f0000 - 0x00007ffbeb6fd000 	C:\WINDOWS\System32\winrnr.dll
0x00007ffbe9910000 - 0x00007ffbe9925000 	C:\WINDOWS\system32\wshbth.dll
0x00007ffbf8210000 - 0x00007ffbf8278000 	C:\WINDOWS\System32\fwpuclnt.dll
0x00007ffbff790000 - 0x00007ffbff7b8000 	C:\WINDOWS\SYSTEM32\bcrypt.dll
0x00007ffbf6e20000 - 0x00007ffbf6e2a000 	C:\Windows\System32\rasadhlp.dll
0x0000000050610000 - 0x00000000507a8000 	C:\Program Files\Java\jre1.8.0_65\bin\awt.dll
0x00007ffc00da0000 - 0x00007ffc00e5e000 	C:\WINDOWS\system32\OLEAUT32.dll
0x00007ffbfddf0000 - 0x00007ffbfde68000 	C:\WINDOWS\system32\apphelp.dll
0x00007ffbfbda0000 - 0x00007ffbfbdc2000 	C:\WINDOWS\system32\DWMAPI.DLL
0x00007ffbfe200000 - 0x00007ffbfe296000 	C:\WINDOWS\system32\uxtheme.dll
0x00007ffc02630000 - 0x00007ffc02771000 	C:\WINDOWS\system32\ole32.dll
0x00007ffbff680000 - 0x00007ffbff6eb000 	C:\WINDOWS\SYSTEM32\bcryptPrimitives.dll
0x00000000505c0000 - 0x0000000050607000 	C:\Program Files\Java\jre1.8.0_65\bin\fontmanager.dll
0x00000000508e0000 - 0x00000000508fa000 	C:\Program Files\Java\jre1.8.0_65\bin\net.dll
0x00000000508c0000 - 0x00000000508d1000 	C:\Program Files\Java\jre1.8.0_65\bin\nio.dll
0x0000000050840000 - 0x0000000050882000 	C:\Program Files\Java\jre1.8.0_65\bin\t2k.dll
0x00007ffc00cf0000 - 0x00007ffc00d95000 	C:\WINDOWS\system32\clbcatq.dll
0x00007ffbed230000 - 0x00007ffbed3e2000 	C:\WINDOWS\SYSTEM32\WindowsCodecs.dll
0x00007ffbff0d0000 - 0x00007ffbff0e7000 	C:\WINDOWS\SYSTEM32\cryptsp.dll
0x00007ffbfed20000 - 0x00007ffbfed53000 	C:\WINDOWS\system32\rsaenh.dll
0x00007ffbff310000 - 0x00007ffbff31b000 	C:\WINDOWS\SYSTEM32\CRYPTBASE.dll
0x00007ffbf04b0000 - 0x00007ffbf04f6000 	C:\WINDOWS\system32\dataexchange.dll
0x00007ffbebf50000 - 0x00007ffbec495000 	C:\WINDOWS\system32\d2d1.dll
0x00007ffbfba90000 - 0x00007ffbfbd33000 	C:\WINDOWS\system32\d3d11.dll
0x00007ffbfd4a0000 - 0x00007ffbfd571000 	C:\WINDOWS\system32\dcomp.dll
0x00007ffbfb9f0000 - 0x00007ffbfba8c000 	C:\WINDOWS\system32\dxgi.dll
0x00007ffbfe2f0000 - 0x00007ffbfe3de000 	C:\WINDOWS\system32\twinapi.appcore.dll
0x00007ffbfeec0000 - 0x00007ffbfeedf000 	C:\WINDOWS\system32\USERENV.dll

VM Arguments:
jvm_args: -agentlib:jdwp=transport=dt_socket,suspend=y,address=localhost:53101 -Dfile.encoding=Cp1252 
java_command: application.App
java_class_path (initial): C:\Users\Peter\git\ACE_Informatica_JavaSemester1\Opdracht1\bin;D:\Avond school ICT\2e jaar 2015-2016\java eclipse\eclipse\plugins\org.junit_4.12.0.v201504281640\junit.jar;D:\Avond school ICT\2e jaar 2015-2016\java eclipse\eclipse\plugins\org.hamcrest.core_1.3.0.v201303031735.jar;C:\Users\Peter\git\ACE_Informatica_JavaSemester1\Opdracht1\dp\lib\jcalendar-1.4.jar;C:\Users\Peter\git\ACE_Informatica_JavaSemester1\Opdracht1\dp\lib\jgoodies-common-1.2.0.jar;C:\Users\Peter\git\ACE_Informatica_JavaSemester1\Opdracht1\dp\lib\jgoodies-looks-2.4.1.jar
Launcher Type: SUN_STANDARD

Environment Variables:
PATH=C:/Program Files/Java/jre1.8.0_65/bin/server;C:/Program Files/Java/jre1.8.0_65/bin;C:/Program Files/Java/jre1.8.0_65/lib/amd64;C:\ProgramData\Oracle\Java\javapath;C:\Program Files (x86)\NVIDIA Corporation\PhysX\Common;C:\Program Files (x86)\Intel\iCLS Client\;C:\Program Files\Intel\iCLS Client\;C:\WINDOWS\system32;C:\WINDOWS;C:\WINDOWS\System32\Wbem;C:\WINDOWS\System32\WindowsPowerShell\v1.0\;C:\Program Files\Intel\Intel(R) Management Engine Components\DAL;C:\Program Files\Intel\Intel(R) Management Engine Components\IPT;C:\Program Files (x86)\Intel\Intel(R) Management Engine Components\DAL;C:\Program Files (x86)\Intel\Intel(R) Management Engine Components\IPT;C:\Program Files\Intel\WiFi\bin\;C:\Program Files\Common Files\Intel\WirelessCommon\;C:\Program Files (x86)\Windows Kits\8.1\Windows Performance Toolkit\;C:\Program Files (x86)\Microsoft SQL Server\100\Tools\Binn\VSShell\Common7\IDE\;C:\Program Files (x86)\Microsoft SQL Server\100\Tools\Binn\;C:\Program Files\Microsoft SQL Server\100\Tools\Binn\;C:\Program Files (x86)\Microsoft SQL Server\100\DTS\Binn\;C:\Program Files\Microsoft SQL Server\Client SDK\ODBC\110\Tools\Binn\;C:\Program Files (x86)\Microsoft SQL Server\120\Tools\Binn\;C:\Program Files\Microsoft SQL Server\120\Tools\Binn\;C:\Program Files\Microsoft SQL Server\120\DTS\Binn\;D:\Avond school ICT\2e jaar 2015-2016\java eclipse\eclipse;
USERNAME=Peter
OS=Windows_NT
PROCESSOR_IDENTIFIER=Intel64 Family 6 Model 60 Stepping 3, GenuineIntel



---------------  S Y S T E M  ---------------

OS: Windows 10.0 , 64 bit Build 10240 (10.0.10240.16384)

CPU:total 8 (4 cores per cpu, 2 threads per core) family 6 model 60 stepping 3, cmov, cx8, fxsr, mmx, sse, sse2, sse3, ssse3, sse4.1, sse4.2, popcnt, avx, avx2, aes, clmul, erms, lzcnt, ht, tsc, tscinvbit, bmi1, bmi2

Memory: 4k page, physical 8268936k(819276k free), swap 33434760k(680k free)

vm_info: Java HotSpot(TM) 64-Bit Server VM (25.65-b01) for windows-amd64 JRE (1.8.0_65-b17), built on Oct  6 2015 16:39:20 by "java_re" with MS VC++ 10.0 (VS2010)

time: Thu Nov 05 17:22:25 2015
elapsed time: 27 seconds (0d 0h 0m 27s)

